Debug [Main]: Mixxx 1.10.1 "(built on: Jun 27 2012 @ 07:16:13; flags: hifieq mad midiscript optimize qdebug shoutcast verbose vinylcontrol)" is starting... 
Debug [Main]: Qt version is: 4.8.2 
Debug [Main]: Configuration file is at the current version 1.10.1 
Debug [Main]: Loading translations for locale "en_US" from translations folder "/home/kane/projects/quneo-mixxx/mixxx/res/translations/" : fail 
Debug [Main]: Could not read "/home/kane/projects/quneo-mixxx/mixxx/res/keyboard/Standard.kbd.cfg" 
Debug [Main]: Found folder 'Mixxx' within default OS music directory 
Debug [Main]: Could not create folder 'Recordings' within 'Mixxx' 
Debug [Main]: ControlObject::getControl returning NULL for ( "[Channel1]" , "vinylcontrol_mode" ) 
Debug [Main]: ControlObject::getControl returning NULL for ( "[Channel2]" , "vinylcontrol_mode" ) 
Debug [Main]: JACK client name set 
Debug [Main]: Available QtSQL drivers: ("QSQLITE") 
Debug [Main]: src/library/trackcollection.cpp DB status: true 
Debug [Main]: SchemaManager::upgradeToSchemaVersion already past target version. currentVersion: 17 targetVersion: 13 
Debug [Main]: Current schema version is backwards-compatible with 13 
Debug [Main]: TrackDAO::initialize QThread(0x1771470, name = "Main") "qt_sql_default_connection" 
Debug [Main]: CrateDAO::initialize() 
Debug [Main]: CueDAO::initialize QThread(0x1771470, name = "Main") "qt_sql_default_connection" 
Debug [Main]: Promo dir: "/home/kane/projects/quneo-mixxx/mixxx/res//promo/1.8.0/index.html" 
Debug [Main]: Traktor Library Location=[ "/home/kane/collection.nml" ] 
Debug [Main]: ControlObject::getControl returning NULL for ( "[Flanger]" , "lfoDepth" ) 
Debug [Main]: ControlObject::getControl returning NULL for ( "[Flanger]" , "lfoDelay" ) 
Debug [Main]: ControlObject::getControl returning NULL for ( "[Flanger]" , "lfoPeriod" ) 
Debug [Main]: CachingReader using 4980736 bytes. 
Debug [Main]: CachingReader using 4980736 bytes. 
Debug [Main]: CachingReader using 4980736 bytes. 
Debug [Main]: CachingReader using 4980736 bytes. 
Debug [Main]: CachingReader using 4980736 bytes. 
Debug [Main]: CachingReader using 4980736 bytes. 
Debug [Main]: Constructed LibraryScanner 
Debug [Main]: iTunes Album Art path is: "" 
Debug [Main]: MidiDeviceManager::getDeviceList 
Debug [Main]: Scanning PortMIDI devices: 
Debug [Main]:  Found output device # 0 Midi Through Port-0 
Debug [Main]:  Found output device # 2 Midi Through Port-1 
Debug [Main]:  Found output device # 4 Midi Through Port-2 
Debug [Main]:  Found output device # 6 Midi Through Port-3 
Debug [Main]:  Found output device # 8 QUNEO MIDI 1 
Debug [Main]:  Found output device # 10 qjackctl 
Debug [Main]:  Found input device # 1 Midi Through Port-0 
Debug [Main]:     Linking to output device # 0 "Midi Through Port-0" 
Debug [Main]: Starting script engine with output device "" 
Debug [MidiScriptEngine 1]: MIDI Device in script engine is: "" 
Debug [Main]:  Found input device # 3 Midi Through Port-1 
Debug [Main]:     Linking to output device # 2 "Midi Through Port-1" 
Debug [Main]: Starting script engine with output device "" 
Debug [MidiScriptEngine 2]: MIDI Device in script engine is: "" 
Debug [Main]:  Found input device # 5 Midi Through Port-2 
Debug [Main]:     Linking to output device # 4 "Midi Through Port-2" 
Debug [Main]: Starting script engine with output device "" 
Debug [MidiScriptEngine 3]: MIDI Device in script engine is: "" 
Debug [Main]:  Found input device # 7 Midi Through Port-3 
Debug [Main]:     Linking to output device # 6 "Midi Through Port-3" 
Debug [Main]: Starting script engine with output device "" 
Debug [MidiScriptEngine 4]: MIDI Device in script engine is: "" 
Debug [Main]:  Found input device # 9 QUNEO MIDI 1 
Debug [Main]:     Linking to output device # 8 "QUNEO MIDI 1" 
Debug [Main]: Starting script engine with output device "" 
Debug [MidiScriptEngine 5]: MIDI Device in script engine is: "" 
Debug [Main]: MidiDeviceManager: Setting up devices 
Debug [Main]: PortMIDI device "1. Midi Through Port-0" already closed 
Debug [Main]: MidiMapping: Loading MIDI preset from "/home/kane/.mixxx/midi/Midi_Through_Port-0.midi.xml" 
Debug [Main]: MidiOutputMappingTableModel::removeRows() 
Debug [Main]: "Midi Through Port-0"  settings found 
Debug [MidiScriptEngine 1]: MidiScriptEngine: Loading & evaluating all MIDI script code 
Debug [MidiScriptEngine 1]: MidiScriptEngine: Loading "/home/kane/projects/quneo-mixxx/mixxx/res/midi/midi-mappings-scripts.js" 
Warning [MidiScriptEngine 1]: "MidiScriptEngine: Problem opening the script file: /home/kane/projects/quneo-mixxx/mixxx/res/midi/midi-mappings-scripts.js, error # 5, No such file or directory" 
Debug [Main]: MidiMapping: Input parsed! 
Debug [Main]: MidiMapping: Output parsed! 
Debug [Main]: PortMIDI device "3. Midi Through Port-1" already closed 
Debug [Main]: MidiMapping: Loading MIDI preset from "/home/kane/.mixxx/midi/Midi_Through_Port-1.midi.xml" 
Debug [Main]: MidiOutputMappingTableModel::removeRows() 
Debug [Main]: "Midi Through Port-1"  settings found 
Debug [MidiScriptEngine 2]: MidiScriptEngine: Loading & evaluating all MIDI script code 
Debug [MidiScriptEngine 2]: MidiScriptEngine: Loading "/home/kane/projects/quneo-mixxx/mixxx/res/midi/midi-mappings-scripts.js" 
Warning [MidiScriptEngine 2]: "MidiScriptEngine: Problem opening the script file: /home/kane/projects/quneo-mixxx/mixxx/res/midi/midi-mappings-scripts.js, error # 5, No such file or directory" 
Debug [Main]: MidiMapping: Input parsed! 
Debug [Main]: MidiMapping: Output parsed! 
Debug [Main]: PortMIDI device "5. Midi Through Port-2" already closed 
Debug [Main]: MidiMapping: Loading MIDI preset from "/home/kane/.mixxx/midi/Midi_Through_Port-2.midi.xml" 
Debug [Main]: MidiOutputMappingTableModel::removeRows() 
Debug [Main]: "Midi Through Port-2"  settings found 
Debug [MidiScriptEngine 3]: MidiScriptEngine: Loading & evaluating all MIDI script code 
Debug [MidiScriptEngine 3]: MidiScriptEngine: Loading "/home/kane/projects/quneo-mixxx/mixxx/res/midi/midi-mappings-scripts.js" 
Warning [MidiScriptEngine 3]: "MidiScriptEngine: Problem opening the script file: /home/kane/projects/quneo-mixxx/mixxx/res/midi/midi-mappings-scripts.js, error # 5, No such file or directory" 
Debug [Main]: MidiMapping: Input parsed! 
Debug [Main]: MidiMapping: Output parsed! 
Debug [Main]: PortMIDI device "7. Midi Through Port-3" already closed 
Debug [Main]: MidiMapping: Loading MIDI preset from "/home/kane/.mixxx/midi/Midi_Through_Port-3.midi.xml" 
Debug [Main]: MidiOutputMappingTableModel::removeRows() 
Debug [Main]: "Midi Through Port-3"  settings found 
Debug [MidiScriptEngine 4]: MidiScriptEngine: Loading & evaluating all MIDI script code 
Debug [MidiScriptEngine 4]: MidiScriptEngine: Loading "/home/kane/projects/quneo-mixxx/mixxx/res/midi/midi-mappings-scripts.js" 
Warning [MidiScriptEngine 4]: "MidiScriptEngine: Problem opening the script file: /home/kane/projects/quneo-mixxx/mixxx/res/midi/midi-mappings-scripts.js, error # 5, No such file or directory" 
Debug [Main]: MidiMapping: Input parsed! 
Debug [Main]: MidiMapping: Output parsed! 
Debug [Main]: PortMIDI device "9. QUNEO MIDI 1" already closed 
Debug [Main]: MidiMapping: Loading MIDI preset from "/home/kane/.mixxx/midi/QUNEO_MIDI_1.midi.xml" 
Debug [Main]: MidiOutputMappingTableModel::removeRows() 
Debug [Main]: "QUNEO MIDI 1"  settings found 
Debug [MidiScriptEngine 5]: MidiScriptEngine: Loading & evaluating all MIDI script code 
Debug [MidiScriptEngine 5]: MidiScriptEngine: Loading "/home/kane/projects/quneo-mixxx/mixxx/res/midi/midi-mappings-scripts.js" 
Warning [MidiScriptEngine 5]: "MidiScriptEngine: Problem opening the script file: /home/kane/projects/quneo-mixxx/mixxx/res/midi/midi-mappings-scripts.js, error # 5, No such file or directory" 
Debug [Main]: MidiMapping: Input parsed! 
Debug [Main]: MidiMapping: Output parsed! 
Debug [Main]: Opening Device: "9._QUNEO_MIDI_1" 
Debug [Main]: MidiMapping::applyPreset() 
Debug [MidiScriptEngine 5]: MidiScriptEngine: Loading & evaluating all MIDI script code 
Debug [MidiScriptEngine 5]: MidiScriptEngine: Loading "/home/kane/projects/quneo-mixxx/mixxx/res/midi/midi-mappings-scripts.js" 
Warning [MidiScriptEngine 5]: "MidiScriptEngine: Problem opening the script file: /home/kane/projects/quneo-mixxx/mixxx/res/midi/midi-mappings-scripts.js, error # 5, No such file or directory" 
Debug [Main]: MidiMapping: Processing MIDI Output Bindings for "QUNEO MIDI 1" 
Debug [Main]: Promo dir: "/home/kane/projects/quneo-mixxx/mixxx/res//promo/1.8.0/index.html" 
Debug [Main]: loadSettings: 1 0 "0" 
Debug [Main]: slotApply crossfader: 1 "0" 
Debug [Main]: BpmSchemes::readXML "/home/kane/.mixxx/mixxxbpmscheme.xml" 
Debug [Main]: MidiDeviceManager::getDeviceList 
Debug [Main]: MidiDeviceManager::getDeviceList 
Debug [Main]: MidiDeviceManager::getDeviceList 
Debug [Main]: MidiDeviceManager::getDeviceList 
Debug [Main]: MidiDeviceManager::getDeviceList 
Debug [Main]: MidiDeviceManager::getDeviceList 
Debug [Main]: SoundManager::setupDevices() 
Debug [Main]: SoundDevicePortAudio::open() "7, system" 
Debug [Main]: framesPerBuffer: 1024 
Debug [Main]: Requested sample rate:  48000 Hz, latency: 21.3333 ms 
Debug [Main]: Output channels: 4 | Input channels: 0 
Debug [Main]: Opening stream with id 7 
Debug [Main]: Opened PortAudio stream successfully... starting 
Debug [Main]: Dynamically loaded PortAudio library 
Debug [Main]: PortAudio: Started stream successfully 
Debug [Main]:    Actual sample rate:  48000 Hz, latency: 0 ms 
Debug [Main]: Using "system" as output sound device clock reference 
Debug [Main]: 1 output sound devices opened 
Debug [Main]: 0 input  sound devices opened 
Debug [Main]: ControlObject::getControl returning NULL for ( "[Samplers]" , "show_samplers" ) 
Warning [Main]: Requested control does not exist: "[Samplers],show_samplers" . Creating it. 
Debug [Main]: Making property binder for "visible" 
Warning [Main]: Object::connect: No such slot QGroupBox::setProperty(const char*, const QVariant&) in src/skin/propertybinder.cpp:13
Debug [Main]: ControlObject::getControl returning NULL for ( "[Sampler1]" , "hotcue_38_position" ) 
Debug [Main]: ControlObject::getControl returning NULL for ( "[Sampler2]" , "hotcue_38_position" ) 
Debug [Main]: ControlObject::getControl returning NULL for ( "[Sampler3]" , "hotcue_38_position" ) 
Debug [Main]: ControlObject::getControl returning NULL for ( "[Sampler4]" , "hotcue_38_position" ) 
Debug [Main]: BaseTrackCache(0x1a42970) updateIndexWithQuery took 29 ms 
Debug [Main]: PlaylistTableModel(0x2150130) select() took 31 ms 
Debug [Main]: PrepareLibraryTableModel(0x24ce850) select() took 17 ms 
Debug [Main]: PrepareLibraryTableModel(0x24ce850) select() took 18 ms 
Debug [Main]: PrepareLibraryTableModel(0x24ce850) select() took 16 ms 
Debug [Main]: DlgPrepare(0x248d2e0, name = "DlgPrepare") analysisActive false 
Debug [Main]: MixxxLibraryFeature::activate() 
Debug [Main]: LibraryTableModel(0x1a456b0) select() took 20 ms 
Debug [Main]: WSearchLineEdit::restoreSearch( "" ) 
Debug [Main]: ControlObject::getControl returning NULL for ( "[Vinylcontrol]" , "show_vinylcontrol" ) 
Warning [Main]: Requested control does not exist: "[Vinylcontrol],show_vinylcontrol" . Creating it. 
Debug [Main]: Making property binder for "visible" 
Warning [Main]: Object::connect: No such slot QGroupBox::setProperty(const char*, const QVariant&) in src/skin/propertybinder.cpp:13
Debug [Main]: ControlObject::getControl returning NULL for ( "[Microphone]" , "show_microphone" ) 
Warning [Main]: Requested control does not exist: "[Microphone],show_microphone" . Creating it. 
Debug [Main]: Making property binder for "visible" 
Warning [Main]: Object::connect: No such slot QGroupBox::setProperty(const char*, const QVariant&) in src/skin/propertybinder.cpp:13
Warning [Main]: QGLContext::makeCurrent(): Cannot make invalid context current.
Debug [Main]: createWaveformViewer() 
Debug [Main]: WaveformViewerFactory :: Creating new visual waveform 
Debug [Main]: WaveformViewerFactory :: Making new GL context. 
Debug [Main]: ControlObject::getControl returning NULL for ( "[Spinny1]" , "show_spinny" ) 
Warning [Main]: Requested control does not exist: "[Spinny1],show_spinny" . Creating it. 
Debug [Main]: Making property binder for "visible" 
Warning [Main]: Object::connect: No such slot QGroupBox::setProperty(const char*, const QVariant&) in src/skin/propertybinder.cpp:13
Debug [Main]: ControlObject::getControl returning NULL for ( "[Channel1]" , "hotcue_38_position" ) 
Debug [Main]: ControlObject::getControl returning NULL for ( "[Channel1]" , "beatlooproll_0.125_activate" ) 
Debug [Main]: ControlObject::getControl returning NULL for ( "[Channel1]" , "beatlooproll_0.125_activate" ) 
Warning [Main]: Requested control does not exist: "[Channel1],beatlooproll_0.125_activate" . Creating it. 
Debug [Main]: ControlObject::getControl returning NULL for ( "[Channel1]" , "beatlooproll_0.25_activate" ) 
Debug [Main]: ControlObject::getControl returning NULL for ( "[Channel1]" , "beatlooproll_0.25_activate" ) 
Warning [Main]: Requested control does not exist: "[Channel1],beatlooproll_0.25_activate" . Creating it. 
Debug [Main]: ControlObject::getControl returning NULL for ( "[Channel1]" , "beatlooproll_0.5_activate" ) 
Debug [Main]: ControlObject::getControl returning NULL for ( "[Channel1]" , "beatlooproll_0.5_activate" ) 
Warning [Main]: Requested control does not exist: "[Channel1],beatlooproll_0.5_activate" . Creating it. 
Debug [Main]: ControlObject::getControl returning NULL for ( "[Channel1]" , "beatlooproll_1_activate" ) 
Debug [Main]: ControlObject::getControl returning NULL for ( "[Channel1]" , "beatlooproll_1_activate" ) 
Warning [Main]: Requested control does not exist: "[Channel1],beatlooproll_1_activate" . Creating it. 
Debug [Main]: ControlObject::getControl returning NULL for ( "[Channel1]" , "beatlooproll_2_activate" ) 
Debug [Main]: ControlObject::getControl returning NULL for ( "[Channel1]" , "beatlooproll_2_activate" ) 
Warning [Main]: Requested control does not exist: "[Channel1],beatlooproll_2_activate" . Creating it. 
Debug [Main]: ControlObject::getControl returning NULL for ( "[Channel1]" , "beatlooproll_4_activate" ) 
Debug [Main]: ControlObject::getControl returning NULL for ( "[Channel1]" , "beatlooproll_4_activate" ) 
Warning [Main]: Requested control does not exist: "[Channel1],beatlooproll_4_activate" . Creating it. 
Debug [Main]: ControlObject::getControl returning NULL for ( "[Channel1]" , "beatlooproll_8_activate" ) 
Debug [Main]: ControlObject::getControl returning NULL for ( "[Channel1]" , "beatlooproll_8_activate" ) 
Warning [Main]: Requested control does not exist: "[Channel1],beatlooproll_8_activate" . Creating it. 
Debug [Main]: ControlObject::getControl returning NULL for ( "[Channel1]" , "beatlooproll_16_activate" ) 
Debug [Main]: ControlObject::getControl returning NULL for ( "[Channel1]" , "beatlooproll_16_activate" ) 
Warning [Main]: Requested control does not exist: "[Channel1],beatlooproll_16_activate" . Creating it. 
Debug [Main]: createWaveformViewer() 
Debug [Main]: WaveformViewerFactory :: Creating new visual waveform 
Debug [Main]: WaveformViewerFactory :: Sharing existing GL context. 
Debug [Main]: ControlObject::getControl returning NULL for ( "[Spinny2]" , "show_spinny" ) 
Warning [Main]: Requested control does not exist: "[Spinny2],show_spinny" . Creating it. 
Debug [Main]: Making property binder for "visible" 
Warning [Main]: Object::connect: No such slot QGroupBox::setProperty(const char*, const QVariant&) in src/skin/propertybinder.cpp:13
Debug [Main]: ControlObject::getControl returning NULL for ( "[Channel2]" , "hotcue_38_position" ) 
Debug [Main]: ControlObject::getControl returning NULL for ( "[Channel2]" , "beatlooproll_0.125_activate" ) 
Debug [Main]: ControlObject::getControl returning NULL for ( "[Channel2]" , "beatlooproll_0.125_activate" ) 
Warning [Main]: Requested control does not exist: "[Channel2],beatlooproll_0.125_activate" . Creating it. 
Debug [Main]: ControlObject::getControl returning NULL for ( "[Channel2]" , "beatlooproll_0.25_activate" ) 
Debug [Main]: ControlObject::getControl returning NULL for ( "[Channel2]" , "beatlooproll_0.25_activate" ) 
Warning [Main]: Requested control does not exist: "[Channel2],beatlooproll_0.25_activate" . Creating it. 
Debug [Main]: ControlObject::getControl returning NULL for ( "[Channel2]" , "beatlooproll_0.5_activate" ) 
Debug [Main]: ControlObject::getControl returning NULL for ( "[Channel2]" , "beatlooproll_0.5_activate" ) 
Warning [Main]: Requested control does not exist: "[Channel2],beatlooproll_0.5_activate" . Creating it. 
Debug [Main]: ControlObject::getControl returning NULL for ( "[Channel2]" , "beatlooproll_1_activate" ) 
Debug [Main]: ControlObject::getControl returning NULL for ( "[Channel2]" , "beatlooproll_1_activate" ) 
Warning [Main]: Requested control does not exist: "[Channel2],beatlooproll_1_activate" . Creating it. 
Debug [Main]: ControlObject::getControl returning NULL for ( "[Channel2]" , "beatlooproll_2_activate" ) 
Debug [Main]: ControlObject::getControl returning NULL for ( "[Channel2]" , "beatlooproll_2_activate" ) 
Warning [Main]: Requested control does not exist: "[Channel2],beatlooproll_2_activate" . Creating it. 
Debug [Main]: ControlObject::getControl returning NULL for ( "[Channel2]" , "beatlooproll_4_activate" ) 
Debug [Main]: ControlObject::getControl returning NULL for ( "[Channel2]" , "beatlooproll_4_activate" ) 
Warning [Main]: Requested control does not exist: "[Channel2],beatlooproll_4_activate" . Creating it. 
Debug [Main]: ControlObject::getControl returning NULL for ( "[Channel2]" , "beatlooproll_8_activate" ) 
Debug [Main]: ControlObject::getControl returning NULL for ( "[Channel2]" , "beatlooproll_8_activate" ) 
Warning [Main]: Requested control does not exist: "[Channel2],beatlooproll_8_activate" . Creating it. 
Debug [Main]: ControlObject::getControl returning NULL for ( "[Channel2]" , "beatlooproll_16_activate" ) 
Debug [Main]: ControlObject::getControl returning NULL for ( "[Channel2]" , "beatlooproll_16_activate" ) 
Warning [Main]: Requested control does not exist: "[Channel2],beatlooproll_16_activate" . Creating it. 
Debug [Main]: Displaying mixxx 
Debug [Main]: Running Mixxx 
Debug [Main]: Destroying MixxxApp 
Debug [Main]: save config,  0 
Debug [Main]: delete soundmanager,  1 
Debug [Main]: delete vinylcontrolmanager,  183 
Debug [Main]: delete view,  183 
Debug [Main]: ~DlgTrackInfo() 
Debug [Main]: ~WLibraryTableView 
Debug [Main]: ~DlgTrackInfo() 
Debug [Main]: ~WLibraryTableView 
Debug [Main]: ~DlgAutoDJ() 
Debug [Main]: ~DlgTrackInfo() 
Debug [Main]: ~WLibraryTableView 
Debug [Main]: ~DlgTrackInfo() 
Debug [Main]: ~WLibraryTableView 
Debug [Main]: delete SkinLoader 
Debug [Main]: delete MidiDeviceManager 
Debug [Main]: Deleting PortMIDI devices... 
Debug [Main]: PortMIDI device "1. Midi Through Port-0" already closed 
Debug [Main]: MidiDevice: Deleting MidiMapping... 
Debug [Main]: PortMIDI device "3. Midi Through Port-1" already closed 
Debug [Main]: MidiDevice: Deleting MidiMapping... 
Debug [Main]: PortMIDI device "5. Midi Through Port-2" already closed 
Debug [Main]: MidiDevice: Deleting MidiMapping... 
Debug [Main]: PortMIDI device "7. Midi Through Port-3" already closed 
Debug [Main]: MidiDevice: Deleting MidiMapping... 
Debug [MidiScriptEngine 5]: MidiScriptEngine shutting down... 
Debug [Main]: MidiDevice: Deleting MidiMapping... 
Debug [Main]: delete playerManager 559 
Debug [Main]: WaveformRenderer(0x1b04300) ~WaveformRenderer() 
Debug [Main]: WaveformRenderBackground(0x1b04d30) ~WaveformRenderBackground() 
Debug [Main]: WaveformRenderSignal(0x1b04e20) ~WaveformRenderSignal() 
Debug [Main]: WaveformRenderBeat(0x1b053e0) ~WaveformRenderBeat() 
Debug [Main]: WaveformRenderMarkRange(0x27a6c10) ~WaveformRenderMarkRange() 
Debug [Main]: WaveformRenderMark(0x27a7cd0) ~WaveformRenderMark() 
Debug [Main]: WaveformRenderMark(0x27b1930) ~WaveformRenderMark() 
Debug [Main]: WaveformRenderMark(0x27a8ba0) ~WaveformRenderMark() 
Debug [Main]: WaveformRenderMark(0x28ad9f0) ~WaveformRenderMark() 
Debug [Main]: WaveformRenderMark(0x28ad620) ~WaveformRenderMark() 
Debug [Main]: WaveformRenderMark(0x27b3e30) ~WaveformRenderMark() 
Debug [Main]: WaveformRenderMark(0x28b46e0) ~WaveformRenderMark() 
Debug [Main]: WaveformRenderer(0x1b90740) ~WaveformRenderer() 
Debug [Main]: WaveformRenderBackground(0x7fb2d4024800) ~WaveformRenderBackground() 
Debug [Main]: WaveformRenderSignal(0x7fb2d40248f0) ~WaveformRenderSignal() 
Debug [Main]: WaveformRenderBeat(0x7fb2d4024ed0) ~WaveformRenderBeat() 
Debug [Main]: WaveformRenderMarkRange(0x7fb2d47b9890) ~WaveformRenderMarkRange() 
Debug [Main]: WaveformRenderMark(0x7fb2d47ba900) ~WaveformRenderMark() 
Debug [Main]: WaveformRenderMark(0x2d5ea90) ~WaveformRenderMark() 
Debug [Main]: WaveformRenderMark(0x7fb2d47bb810) ~WaveformRenderMark() 
Debug [Main]: WaveformRenderMark(0x7fb2d47bc390) ~WaveformRenderMark() 
Debug [Main]: WaveformRenderMark(0x7fb2d47bcf10) ~WaveformRenderMark() 
Debug [Main]: WaveformRenderMark(0x7fb2d47bdab0) ~WaveformRenderMark() 
Debug [Main]: WaveformRenderMark(0x7fb2d47be650) ~WaveformRenderMark() 
Debug [Main]: WaveformRenderer(0x7fb2d40af000) ~WaveformRenderer() 
Debug [Main]: WaveformRenderBackground(0x7fb2d40af9f0) ~WaveformRenderBackground() 
Debug [Main]: WaveformRenderSignal(0x7fb2d40afae0) ~WaveformRenderSignal() 
Debug [Main]: WaveformRenderBeat(0x7fb2d40b0060) ~WaveformRenderBeat() 
Debug [Main]: WaveformRenderer(0x1c1c420) ~WaveformRenderer() 
Debug [Main]: WaveformRenderBackground(0x7fb2d40b1c60) ~WaveformRenderBackground() 
Debug [Main]: WaveformRenderSignal(0x7fb2d40b1d50) ~WaveformRenderSignal() 
Debug [Main]: WaveformRenderBeat(0x7fb2d40b2310) ~WaveformRenderBeat() 
Debug [Main]: WaveformRenderer(0x1ca4180) ~WaveformRenderer() 
Debug [Main]: WaveformRenderBackground(0x7fb2d40b3ee0) ~WaveformRenderBackground() 
Debug [Main]: WaveformRenderSignal(0x7fb2d40b3fd0) ~WaveformRenderSignal() 
Debug [Main]: WaveformRenderBeat(0x7fb2d40b45d0) ~WaveformRenderBeat() 
Debug [Main]: WaveformRenderer(0x7fb2d413d890) ~WaveformRenderer() 
Debug [Main]: WaveformRenderBackground(0x7fb2d413e2c0) ~WaveformRenderBackground() 
Debug [Main]: WaveformRenderSignal(0x7fb2d413e3b0) ~WaveformRenderSignal() 
Debug [Main]: WaveformRenderBeat(0x7fb2d413e970) ~WaveformRenderBeat() 
Debug [Main]: delete m_pEngine,  561 
Debug [Main]: in ~EngineMaster() 
Debug [Main]: ~EngineMicrophone() 
Debug [Main]: delete library scanner 567 
Debug [Main]: LibraryScanner destroyed 
Debug [Main]: ~TrackDAO() 
Debug [Main]: delete library 568 
Debug [Main]: ~TrackCollection() 
Debug [Main]: TrackDAO::saveDirtyTracks() 
Debug [Main]: Clearing played information for this session 
Debug [Main]: ~TrackDAO() 
Debug [Main]: delete RecordingManager 841 
Debug [Main]: Delete RecordingManager 
Debug [Main]: delete config,  851 
Debug [Main]: WARNING: The following 70 controls were leaked: 
Debug [Main]: "[Sampler2]" "visual_bpm" 
Debug [Main]: "[Sampler2]" "vinylcontrol_wantenabled" 
Debug [Main]: "[Playlist]" "SelectNextPlaylist" 
Debug [Main]: "[Channel1]" "beatlooproll_16_activate" 
Debug [Main]: "[Channel1]" "start_stop" 
Debug [Main]: "[Sampler1]" "vinylcontrol_signal_enabled" 
Debug [Main]: "[Channel2]" "beatlooproll_0.125_activate" 
Debug [Main]: "[Flanger]" "lfoDelay" 
Debug [Main]: "[Sampler1]" "vinylcontrol_wantenabled" 
Debug [Main]: "[Channel2]" "beatlooproll_16_activate" 
Debug [Main]: "[Playlist]" "SelectPrevPlaylist" 
Debug [Main]: "[Microphone]" "show_microphone" 
Debug [Main]: "[Channel2]" "start_stop" 
Debug [Main]: "[Channel1]" "beatlooproll_2_activate" 
Debug [Main]: "[Channel2]" "beatlooproll_2_activate" 
Debug [Main]: "[Flanger]" "lfoDepth" 
Debug [Main]: "[Playlist]" "SelectPrevTrack" 
Debug [Main]: "[Flanger]" "lfoDelay_up_small" 
Debug [Main]: "[Channel2]" "vinylcontrol_signal_enabled" 
Debug [Main]: "[Flanger]" "lfoDepth_up_small" 
Debug [Main]: "[Sampler3]" "visual_bpm" 
Debug [Main]: "[Channel1]" "vinylcontrol_signal_enabled" 
Debug [Main]: "[Samplers]" "show_samplers" 
Debug [Main]: "[Playlist]" "LoadSelectedIntoFirstStopped" 
Debug [Main]: "[VinylControl]" "gain" 
Debug [Main]: "[Spinny2]" "show_spinny" 
Debug [Main]: "[Sampler4]" "visual_bpm" 
Debug [Main]: "[Flanger]" "lfoPeriod_down_small" 
Debug [Main]: "[Channel1]" "beatlooproll_8_activate" 
Debug [Main]: "[Flanger]" "lfoDelay_up" 
Debug [Main]: "[Sampler4]" "vinylcontrol_wantenabled" 
Debug [Main]: "[Spinny1]" "show_spinny" 
Debug [Main]: "[Channel1]" "beatlooproll_0.5_activate" 
Debug [Main]: "[Vinylcontrol]" "show_vinylcontrol" 
Debug [Main]: "[Channel2]" "beatlooproll_8_activate" 
Debug [Main]: "[Sampler3]" "vinylcontrol_wantenabled" 
Debug [Main]: "[Channel2]" "beatlooproll_0.5_activate" 
Debug [Main]: "[Channel1]" "beatlooproll_1_activate" 
Debug [Main]: "[Flanger]" "lfoDepth_up" 
Debug [Main]: "[Sampler3]" "start_stop" 
Debug [Main]: "[Flanger]" "lfoDepth_down" 
Debug [Main]: "[Channel2]" "beatlooproll_1_activate" 
Debug [Main]: "[Channel1]" "visual_bpm" 
Debug [Main]: "[Sampler4]" "start_stop" 
Debug [Main]: "[Sampler4]" "vinylcontrol_signal_enabled" 
Debug [Main]: "[Channel2]" "visual_bpm" 
Debug [Main]: "[Controls]" "ShowDurationRemaining" 
Debug [Main]: "[Flanger]" "lfoPeriod_up" 
Debug [Main]: "[Sampler1]" "start_stop" 
Debug [Main]: "[Channel2]" "vinylcontrol_wantenabled" 
Debug [Main]: "[Sampler3]" "vinylcontrol_signal_enabled" 
Debug [Main]: "[Flanger]" "lfoDelay_down" 
Debug [Main]: "[Sampler2]" "start_stop" 
Debug [Main]: "[VinylControl]" "mode" 
Debug [Main]: "[Channel1]" "vinylcontrol_wantenabled" 
Debug [Main]: "[Flanger]" "lfoPeriod_up_small" 
Debug [Main]: "[Flanger]" "lfoDelay_down_small" 
Debug [Main]: "[Master]" "toggle_recording" 
Debug [Main]: "[Playlist]" "SelectNextTrack" 
Debug [Main]: "[Channel1]" "beatlooproll_4_activate" 
Debug [Main]: "[Channel1]" "beatlooproll_0.25_activate" 
Debug [Main]: "[Flanger]" "lfoPeriod_down" 
Debug [Main]: "[Sampler1]" "visual_bpm" 
Debug [Main]: "[Channel2]" "beatlooproll_4_activate" 
Debug [Main]: "[Flanger]" "lfoDepth_down_small" 
Debug [Main]: "[Playlist]" "SelectTrackKnob" 
Debug [Main]: "[Channel2]" "beatlooproll_0.25_activate" 
Debug [Main]: "[Flanger]" "lfoPeriod" 
Debug [Main]: "[Sampler2]" "vinylcontrol_signal_enabled" 
Debug [Main]: "[Channel1]" "beatlooproll_0.125_activate" 
Debug [Main]: ControlObject::getControl returning NULL for ( "[Flanger]" , "lfoDelay_up_small" ) 
Debug [Main]: ControlObject::getControl returning NULL for ( "[Flanger]" , "lfoDepth_up_small" ) 
Debug [Main]: ControlObject::getControl returning NULL for ( "[Flanger]" , "lfoDelay_up" ) 
Debug [Main]: ControlObject::getControl returning NULL for ( "[Flanger]" , "lfoDepth_up" ) 
Debug [Main]: ControlObject::getControl returning NULL for ( "[Flanger]" , "lfoDepth_down" ) 
Debug [Main]: ControlObject::getControl returning NULL for ( "[Flanger]" , "lfoDelay_down" ) 
Debug [Main]: ControlObject::getControl returning NULL for ( "[Flanger]" , "lfoDelay_down_small" ) 
Debug [Main]: ControlObject::getControl returning NULL for ( "[Flanger]" , "lfoDepth_down_small" ) 
Debug [Main]: ~MixxxApp: All leaking controls deleted. 
Debug [Main]: Mixxx shutdown complete with code 0 
